<?xml version="1.0" encoding="UTF-8"?>
<!-- Generated by org.testng.reporters.JUnitXMLReporter -->
<testsuite ignored="1" hostname="Nanirams-MBP.cable.rcn.com" failures="0" tests="4" name="Surefire test" time="72.606" errors="0" timestamp="2023-03-14T21:39:58 EDT">
  <testcase classname="DEMO1.LoginVwoTest" name="loginPositiveTest" time="4.96"/>
  <testcase classname="DEMO1.LoginVwoTest" name="loginNegetiveTest" time="4.979"/>
  <testcase classname="DEMO1.AwesomeqaTest" name="loginNegativeTest" time="5.59"/>
  <testcase classname="DEMO1.AwesomeqaTest" name="loginPositiveTest" time="6.029"/>
  <testcase classname="DEMO1.AwesomeqaTest" name="Registration" time="0.0">
    <ignored/>
  </testcase> <!-- Registration -->
</testsuite> <!-- Surefire test -->
