<?xml version="1.0" encoding="UTF-8"?>
<testng-results ignored="0" total="2" passed="2" failed="0" skipped="0">
  <reporter-output>
  </reporter-output>
  <suite started-at="2023-03-11T21:16:59 EST" name="Surefire suite" finished-at="2023-03-11T21:17:39 EST" duration-ms="40032">
    <groups>
    </groups>
    <test started-at="2023-03-11T21:16:59 EST" name="Surefire test" finished-at="2023-03-11T21:17:39 EST" duration-ms="40032">
      <class name="DEMO1.LoginVwoTest">
        <test-method is-config="true" signature="openBrowser()[pri:0, instance:DEMO1.LoginVwoTest@2e222612]" started-at="2023-03-11T21:16:59 EST" name="openBrowser" finished-at="2023-03-11T21:17:16 EST" duration-ms="17467" status="PASS">
          <reporter-output>
          </reporter-output>
        </test-method> <!-- openBrowser -->
        <test-method signature="loginNegetiveTest()[pri:1, instance:DEMO1.LoginVwoTest@2e222612]" started-at="2023-03-11T21:17:16 EST" name="loginNegetiveTest" finished-at="2023-03-11T21:17:20 EST" duration-ms="4082" status="PASS">
          <reporter-output>
          </reporter-output>
        </test-method> <!-- loginNegetiveTest -->
        <test-method is-config="true" signature="openBrowser()[pri:0, instance:DEMO1.LoginVwoTest@2e222612]" started-at="2023-03-11T21:17:20 EST" name="openBrowser" finished-at="2023-03-11T21:17:35 EST" duration-ms="14634" status="PASS">
          <reporter-output>
          </reporter-output>
        </test-method> <!-- openBrowser -->
        <test-method signature="loginPositiveTest()[pri:2, instance:DEMO1.LoginVwoTest@2e222612]" started-at="2023-03-11T21:17:35 EST" name="loginPositiveTest" finished-at="2023-03-11T21:17:39 EST" duration-ms="3797" status="PASS">
          <reporter-output>
          </reporter-output>
        </test-method> <!-- loginPositiveTest -->
      </class> <!-- DEMO1.LoginVwoTest -->
    </test> <!-- Surefire test -->
  </suite> <!-- Surefire suite -->
</testng-results>
