<?xml version="1.0" encoding="UTF-8"?>
<testsuite xmlns:xsi="http://www.w3.org/2001/XMLSchema-instance" xsi:noNamespaceSchemaLocation="https://maven.apache.org/surefire/maven-surefire-plugin/xsd/surefire-test-report.xsd" name="TestSuite" time="72.905" tests="4" errors="0" skipped="0" failures="0">
  <properties>
[...]
</properties>
  <testcase name="loginPositiveTest" classname="DEMO1.LoginVwoTest" time="4.961"/>
  <testcase name="loginNegetiveTest" classname="DEMO1.LoginVwoTest" time="4.979"/>
  <testcase name="loginNegativeTest" classname="DEMO1.AwesomeqaTest" time="5.591"/>
  <testcase name="loginPositiveTest" classname="DEMO1.AwesomeqaTest" time="6.03"/>
</testsuite>