<?xml version="1.0" encoding="UTF-8"?>
<testng-results ignored="1" total="5" passed="4" failed="0" skipped="0">
  <reporter-output>
  </reporter-output>
  <suite started-at="2023-03-14T21:38:45 EDT" name="Surefire suite" finished-at="2023-03-14T21:39:58 EDT" duration-ms="72606">
    <groups>
    </groups>
    <test started-at="2023-03-14T21:38:45 EDT" name="Surefire test" finished-at="2023-03-14T21:39:58 EDT" duration-ms="72606">
      <class name="DEMO1.AwesomeqaTest">
        <test-method is-config="true" signature="openBrowser()[pri:0, instance:DEMO1.AwesomeqaTest@732c2a62]" started-at="2023-03-14T21:39:28 EDT" name="openBrowser" finished-at="2023-03-14T21:39:38 EDT" duration-ms="9206" status="PASS">
          <reporter-output>
          </reporter-output>
        </test-method> <!-- openBrowser -->
        <test-method signature="loginNegativeTest()[pri:1, instance:DEMO1.AwesomeqaTest@732c2a62]" started-at="2023-03-14T21:39:38 EDT" name="loginNegativeTest" finished-at="2023-03-14T21:39:43 EDT" duration-ms="5590" status="PASS">
          <reporter-output>
          </reporter-output>
        </test-method> <!-- loginNegativeTest -->
        <test-method is-config="true" signature="openBrowser()[pri:0, instance:DEMO1.AwesomeqaTest@732c2a62]" started-at="2023-03-14T21:39:43 EDT" name="openBrowser" finished-at="2023-03-14T21:39:52 EDT" duration-ms="8679" status="PASS">
          <reporter-output>
          </reporter-output>
        </test-method> <!-- openBrowser -->
        <test-method signature="loginPositiveTest()[pri:2, instance:DEMO1.AwesomeqaTest@732c2a62]" started-at="2023-03-14T21:39:52 EDT" name="loginPositiveTest" finished-at="2023-03-14T21:39:58 EDT" duration-ms="6029" status="PASS">
          <reporter-output>
          </reporter-output>
        </test-method> <!-- loginPositiveTest -->
        <test-method is-config="true" signature="tearDown()[pri:0, instance:DEMO1.AwesomeqaTest@732c2a62]" started-at="2023-03-14T21:39:58 EDT" name="tearDown" finished-at="2023-03-14T21:39:58 EDT" duration-ms="58" status="PASS">
          <reporter-output>
          </reporter-output>
        </test-method> <!-- tearDown -->
      </class> <!-- DEMO1.AwesomeqaTest -->
      <class name="DEMO1.LoginVwoTest">
        <test-method is-config="true" signature="openBrowser()[pri:0, instance:DEMO1.LoginVwoTest@2bfc268b]" started-at="2023-03-14T21:38:45 EDT" name="openBrowser" finished-at="2023-03-14T21:39:04 EDT" duration-ms="18150" status="PASS">
          <reporter-output>
          </reporter-output>
        </test-method> <!-- openBrowser -->
        <test-method signature="loginPositiveTest()[pri:1, instance:DEMO1.LoginVwoTest@2bfc268b]" started-at="2023-03-14T21:39:04 EDT" name="loginPositiveTest" finished-at="2023-03-14T21:39:09 EDT" duration-ms="4960" status="PASS">
          <reporter-output>
          </reporter-output>
        </test-method> <!-- loginPositiveTest -->
        <test-method is-config="true" signature="openBrowser()[pri:0, instance:DEMO1.LoginVwoTest@2bfc268b]" started-at="2023-03-14T21:39:09 EDT" name="openBrowser" finished-at="2023-03-14T21:39:23 EDT" duration-ms="14798" status="PASS">
          <reporter-output>
          </reporter-output>
        </test-method> <!-- openBrowser -->
        <test-method signature="loginNegetiveTest()[pri:2, instance:DEMO1.LoginVwoTest@2bfc268b]" started-at="2023-03-14T21:39:23 EDT" name="loginNegetiveTest" finished-at="2023-03-14T21:39:28 EDT" duration-ms="4979" status="PASS">
          <reporter-output>
          </reporter-output>
        </test-method> <!-- loginNegetiveTest -->
        <test-method is-config="true" signature="tearDown()[pri:0, instance:DEMO1.LoginVwoTest@2bfc268b]" started-at="2023-03-14T21:39:58 EDT" name="tearDown" finished-at="2023-03-14T21:39:58 EDT" duration-ms="55" status="PASS">
          <reporter-output>
          </reporter-output>
        </test-method> <!-- tearDown -->
      </class> <!-- DEMO1.LoginVwoTest -->
    </test> <!-- Surefire test -->
  </suite> <!-- Surefire suite -->
</testng-results>
